<<<<<<< HEAD
[ 2017-08-06T23:08:59+08:00 ] 0.0.0.0 /vvvle/index.php/ProductDetails/index
INFO: [ route_check ] --START--
INFO: CheckRoute Behavior ::run [ RunTime:0.000312s ]
INFO: [ route_check ] --END-- [ RunTime:0.000354s ]
NOTIC: [8192] preg_replace(): The /e modifier is deprecated, use preg_replace_callback instead /Applications/XAMPP/xamppfiles/htdocs/vvvle/ThinkPHP/Lib/Core/Dispatcher.class.php 第 132 行.
INFO: [ app_begin ] --START--
INFO: ReadHtmlCache Behavior ::run [ RunTime:0.000203s ]
INFO: [ app_begin ] --END-- [ RunTime:0.000231s ]
INFO: [ view_parse ] --START--
NOTIC: [8192] preg_replace(): The /e modifier is deprecated, use preg_replace_callback instead /Applications/XAMPP/xamppfiles/htdocs/vvvle/ThinkPHP/Lib/Template/ThinkTemplate.class.php 第 273 行.
NOTIC: [8192] preg_replace(): The /e modifier is deprecated, use preg_replace_callback instead /Applications/XAMPP/xamppfiles/htdocs/vvvle/ThinkPHP/Lib/Template/ThinkTemplate.class.php 第 273 行.
NOTIC: [8192] preg_replace(): The /e modifier is deprecated, use preg_replace_callback instead /Applications/XAMPP/xamppfiles/htdocs/vvvle/ThinkPHP/Lib/Template/ThinkTemplate.class.php 第 273 行.
NOTIC: [8192] preg_replace(): The /e modifier is deprecated, use preg_replace_callback instead /Applications/XAMPP/xamppfiles/htdocs/vvvle/ThinkPHP/Lib/Template/ThinkTemplate.class.php 第 273 行.
NOTIC: [8192] preg_replace(): The /e modifier is deprecated, use preg_replace_callback instead /Applications/XAMPP/xamppfiles/htdocs/vvvle/ThinkPHP/Lib/Template/ThinkTemplate.class.php 第 168 行.
NOTIC: [8192] preg_replace(): The /e modifier is deprecated, use preg_replace_callback instead /Applications/XAMPP/xamppfiles/htdocs/vvvle/ThinkPHP/Lib/Template/ThinkTemplate.class.php 第 404 行.
NOTIC: [8192] preg_replace(): The /e modifier is deprecated, use preg_replace_callback instead /Applications/XAMPP/xamppfiles/htdocs/vvvle/ThinkPHP/Lib/Template/ThinkTemplate.class.php 第 404 行.
NOTIC: [8192] preg_replace(): The /e modifier is deprecated, use preg_replace_callback instead /Applications/XAMPP/xamppfiles/htdocs/vvvle/ThinkPHP/Lib/Template/ThinkTemplate.class.php 第 404 行.
NOTIC: [8192] preg_replace(): The /e modifier is deprecated, use preg_replace_callback instead /Applications/XAMPP/xamppfiles/htdocs/vvvle/ThinkPHP/Lib/Template/ThinkTemplate.class.php 第 404 行.
NOTIC: [8192] preg_replace(): The /e modifier is deprecated, use preg_replace_callback instead /Applications/XAMPP/xamppfiles/htdocs/vvvle/ThinkPHP/Lib/Template/ThinkTemplate.class.php 第 404 行.
NOTIC: [8192] preg_replace(): The /e modifier is deprecated, use preg_replace_callback instead /Applications/XAMPP/xamppfiles/htdocs/vvvle/ThinkPHP/Lib/Template/ThinkTemplate.class.php 第 404 行.
NOTIC: [8192] preg_replace(): The /e modifier is deprecated, use preg_replace_callback instead /Applications/XAMPP/xamppfiles/htdocs/vvvle/ThinkPHP/Lib/Template/ThinkTemplate.class.php 第 404 行.
NOTIC: [8192] preg_replace(): The /e modifier is deprecated, use preg_replace_callback instead /Applications/XAMPP/xamppfiles/htdocs/vvvle/ThinkPHP/Lib/Template/ThinkTemplate.class.php 第 404 行.
NOTIC: [8192] preg_replace(): The /e modifier is deprecated, use preg_replace_callback instead /Applications/XAMPP/xamppfiles/htdocs/vvvle/ThinkPHP/Lib/Template/ThinkTemplate.class.php 第 404 行.
NOTIC: [8192] preg_replace(): The /e modifier is deprecated, use preg_replace_callback instead /Applications/XAMPP/xamppfiles/htdocs/vvvle/ThinkPHP/Lib/Template/ThinkTemplate.class.php 第 404 行.
NOTIC: [8192] preg_replace(): The /e modifier is deprecated, use preg_replace_callback instead /Applications/XAMPP/xamppfiles/htdocs/vvvle/ThinkPHP/Lib/Template/ThinkTemplate.class.php 第 404 行.
NOTIC: [8192] preg_replace(): The /e modifier is deprecated, use preg_replace_callback instead /Applications/XAMPP/xamppfiles/htdocs/vvvle/ThinkPHP/Lib/Template/ThinkTemplate.class.php 第 404 行.
NOTIC: [8192] preg_replace(): The /e modifier is deprecated, use preg_replace_callback instead /Applications/XAMPP/xamppfiles/htdocs/vvvle/ThinkPHP/Lib/Template/ThinkTemplate.class.php 第 399 行.
NOTIC: [8192] preg_replace(): The /e modifier is deprecated, use preg_replace_callback instead /Applications/XAMPP/xamppfiles/htdocs/vvvle/ThinkPHP/Lib/Template/ThinkTemplate.class.php 第 399 行.
NOTIC: [8192] preg_replace(): The /e modifier is deprecated, use preg_replace_callback instead /Applications/XAMPP/xamppfiles/htdocs/vvvle/ThinkPHP/Lib/Template/ThinkTemplate.class.php 第 404 行.
NOTIC: [8192] preg_replace(): The /e modifier is deprecated, use preg_replace_callback instead /Applications/XAMPP/xamppfiles/htdocs/vvvle/ThinkPHP/Lib/Template/ThinkTemplate.class.php 第 404 行.
NOTIC: [8192] preg_replace(): The /e modifier is deprecated, use preg_replace_callback instead /Applications/XAMPP/xamppfiles/htdocs/vvvle/ThinkPHP/Lib/Template/ThinkTemplate.class.php 第 404 行.
NOTIC: [8192] preg_replace(): The /e modifier is deprecated, use preg_replace_callback instead /Applications/XAMPP/xamppfiles/htdocs/vvvle/ThinkPHP/Lib/Template/ThinkTemplate.class.php 第 399 行.
NOTIC: [8192] preg_replace(): The /e modifier is deprecated, use preg_replace_callback instead /Applications/XAMPP/xamppfiles/htdocs/vvvle/ThinkPHP/Lib/Template/ThinkTemplate.class.php 第 404 行.
NOTIC: [8192] preg_replace(): The /e modifier is deprecated, use preg_replace_callback instead /Applications/XAMPP/xamppfiles/htdocs/vvvle/ThinkPHP/Lib/Template/ThinkTemplate.class.php 第 404 行.
NOTIC: [8192] preg_replace(): The /e modifier is deprecated, use preg_replace_callback instead /Applications/XAMPP/xamppfiles/htdocs/vvvle/ThinkPHP/Lib/Template/ThinkTemplate.class.php 第 404 行.
NOTIC: [8192] preg_replace(): The /e modifier is deprecated, use preg_replace_callback instead /Applications/XAMPP/xamppfiles/htdocs/vvvle/ThinkPHP/Lib/Template/ThinkTemplate.class.php 第 404 行.
NOTIC: [8192] preg_replace(): The /e modifier is deprecated, use preg_replace_callback instead /Applications/XAMPP/xamppfiles/htdocs/vvvle/ThinkPHP/Lib/Template/ThinkTemplate.class.php 第 404 行.
NOTIC: [8192] preg_replace(): The /e modifier is deprecated, use preg_replace_callback instead /Applications/XAMPP/xamppfiles/htdocs/vvvle/ThinkPHP/Lib/Template/ThinkTemplate.class.php 第 404 行.
NOTIC: [8192] preg_replace(): The /e modifier is deprecated, use preg_replace_callback instead /Applications/XAMPP/xamppfiles/htdocs/vvvle/ThinkPHP/Lib/Template/ThinkTemplate.class.php 第 404 行.
NOTIC: [8192] preg_replace(): The /e modifier is deprecated, use preg_replace_callback instead /Applications/XAMPP/xamppfiles/htdocs/vvvle/ThinkPHP/Lib/Template/ThinkTemplate.class.php 第 404 行.
NOTIC: [8192] preg_replace(): The /e modifier is deprecated, use preg_replace_callback instead /Applications/XAMPP/xamppfiles/htdocs/vvvle/ThinkPHP/Lib/Template/ThinkTemplate.class.php 第 404 行.
NOTIC: [8192] preg_replace(): The /e modifier is deprecated, use preg_replace_callback instead /Applications/XAMPP/xamppfiles/htdocs/vvvle/ThinkPHP/Lib/Template/ThinkTemplate.class.php 第 404 行.
NOTIC: [8192] preg_replace(): The /e modifier is deprecated, use preg_replace_callback instead /Applications/XAMPP/xamppfiles/htdocs/vvvle/ThinkPHP/Lib/Template/ThinkTemplate.class.php 第 404 行.
NOTIC: [8192] preg_replace(): The /e modifier is deprecated, use preg_replace_callback instead /Applications/XAMPP/xamppfiles/htdocs/vvvle/ThinkPHP/Lib/Template/ThinkTemplate.class.php 第 404 行.
NOTIC: [8192] preg_replace(): The /e modifier is deprecated, use preg_replace_callback instead /Applications/XAMPP/xamppfiles/htdocs/vvvle/ThinkPHP/Lib/Template/ThinkTemplate.class.php 第 404 行.
NOTIC: [8192] preg_replace(): The /e modifier is deprecated, use preg_replace_callback instead /Applications/XAMPP/xamppfiles/htdocs/vvvle/ThinkPHP/Lib/Template/ThinkTemplate.class.php 第 404 行.
NOTIC: [8192] preg_replace(): The /e modifier is deprecated, use preg_replace_callback instead /Applications/XAMPP/xamppfiles/htdocs/vvvle/ThinkPHP/Lib/Template/ThinkTemplate.class.php 第 404 行.
NOTIC: [8192] preg_replace(): The /e modifier is deprecated, use preg_replace_callback instead /Applications/XAMPP/xamppfiles/htdocs/vvvle/ThinkPHP/Lib/Template/ThinkTemplate.class.php 第 404 行.
NOTIC: [8192] preg_replace(): The /e modifier is deprecated, use preg_replace_callback instead /Applications/XAMPP/xamppfiles/htdocs/vvvle/ThinkPHP/Lib/Template/ThinkTemplate.class.php 第 404 行.
NOTIC: [8192] preg_replace(): The /e modifier is deprecated, use preg_replace_callback instead /Applications/XAMPP/xamppfiles/htdocs/vvvle/ThinkPHP/Lib/Template/ThinkTemplate.class.php 第 404 行.
NOTIC: [8192] preg_replace(): The /e modifier is deprecated, use preg_replace_callback instead /Applications/XAMPP/xamppfiles/htdocs/vvvle/ThinkPHP/Lib/Template/ThinkTemplate.class.php 第 404 行.
NOTIC: [8192] preg_replace(): The /e modifier is deprecated, use preg_replace_callback instead /Applications/XAMPP/xamppfiles/htdocs/vvvle/ThinkPHP/Lib/Template/ThinkTemplate.class.php 第 404 行.
NOTIC: [8192] preg_replace(): The /e modifier is deprecated, use preg_replace_callback instead /Applications/XAMPP/xamppfiles/htdocs/vvvle/ThinkPHP/Lib/Template/ThinkTemplate.class.php 第 404 行.
NOTIC: [8192] preg_replace(): The /e modifier is deprecated, use preg_replace_callback instead /Applications/XAMPP/xamppfiles/htdocs/vvvle/ThinkPHP/Lib/Template/ThinkTemplate.class.php 第 404 行.
NOTIC: [8192] preg_replace(): The /e modifier is deprecated, use preg_replace_callback instead /Applications/XAMPP/xamppfiles/htdocs/vvvle/ThinkPHP/Lib/Template/ThinkTemplate.class.php 第 404 行.
NOTIC: [8192] preg_replace(): The /e modifier is deprecated, use preg_replace_callback instead /Applications/XAMPP/xamppfiles/htdocs/vvvle/ThinkPHP/Lib/Template/ThinkTemplate.class.php 第 404 行.
NOTIC: [8192] preg_replace(): The /e modifier is deprecated, use preg_replace_callback instead /Applications/XAMPP/xamppfiles/htdocs/vvvle/ThinkPHP/Lib/Template/ThinkTemplate.class.php 第 404 行.
NOTIC: [8192] preg_replace(): The /e modifier is deprecated, use preg_replace_callback instead /Applications/XAMPP/xamppfiles/htdocs/vvvle/ThinkPHP/Lib/Template/ThinkTemplate.class.php 第 404 行.
NOTIC: [8192] preg_replace(): The /e modifier is deprecated, use preg_replace_callback instead /Applications/XAMPP/xamppfiles/htdocs/vvvle/ThinkPHP/Lib/Template/ThinkTemplate.class.php 第 404 行.
NOTIC: [8192] preg_replace(): The /e modifier is deprecated, use preg_replace_callback instead /Applications/XAMPP/xamppfiles/htdocs/vvvle/ThinkPHP/Lib/Template/ThinkTemplate.class.php 第 404 行.
NOTIC: [8192] preg_replace(): The /e modifier is deprecated, use preg_replace_callback instead /Applications/XAMPP/xamppfiles/htdocs/vvvle/ThinkPHP/Lib/Template/ThinkTemplate.class.php 第 404 行.
NOTIC: [8192] preg_replace(): The /e modifier is deprecated, use preg_replace_callback instead /Applications/XAMPP/xamppfiles/htdocs/vvvle/ThinkPHP/Lib/Template/ThinkTemplate.class.php 第 404 行.
NOTIC: [8192] preg_replace(): The /e modifier is deprecated, use preg_replace_callback instead /Applications/XAMPP/xamppfiles/htdocs/vvvle/ThinkPHP/Lib/Template/ThinkTemplate.class.php 第 404 行.
NOTIC: [8192] preg_replace(): The /e modifier is deprecated, use preg_replace_callback instead /Applications/XAMPP/xamppfiles/htdocs/vvvle/ThinkPHP/Lib/Template/ThinkTemplate.class.php 第 404 行.
NOTIC: [8192] preg_replace(): The /e modifier is deprecated, use preg_replace_callback instead /Applications/XAMPP/xamppfiles/htdocs/vvvle/ThinkPHP/Lib/Template/ThinkTemplate.class.php 第 404 行.
NOTIC: [8192] preg_replace(): The /e modifier is deprecated, use preg_replace_callback instead /Applications/XAMPP/xamppfiles/htdocs/vvvle/ThinkPHP/Lib/Template/ThinkTemplate.class.php 第 404 行.
NOTIC: [8192] preg_replace(): The /e modifier is deprecated, use preg_replace_callback instead /Applications/XAMPP/xamppfiles/htdocs/vvvle/ThinkPHP/Lib/Template/ThinkTemplate.class.php 第 404 行.
NOTIC: [8192] preg_replace(): The /e modifier is deprecated, use preg_replace_callback instead /Applications/XAMPP/xamppfiles/htdocs/vvvle/ThinkPHP/Lib/Template/ThinkTemplate.class.php 第 404 行.
NOTIC: [8192] preg_replace(): The /e modifier is deprecated, use preg_replace_callback instead /Applications/XAMPP/xamppfiles/htdocs/vvvle/ThinkPHP/Lib/Template/ThinkTemplate.class.php 第 404 行.
NOTIC: [8192] preg_replace(): The /e modifier is deprecated, use preg_replace_callback instead /Applications/XAMPP/xamppfiles/htdocs/vvvle/ThinkPHP/Lib/Template/ThinkTemplate.class.php 第 404 行.
NOTIC: [8192] preg_replace(): The /e modifier is deprecated, use preg_replace_callback instead /Applications/XAMPP/xamppfiles/htdocs/vvvle/ThinkPHP/Lib/Template/ThinkTemplate.class.php 第 404 行.
NOTIC: [8192] preg_replace(): The /e modifier is deprecated, use preg_replace_callback instead /Applications/XAMPP/xamppfiles/htdocs/vvvle/ThinkPHP/Lib/Template/ThinkTemplate.class.php 第 404 行.
NOTIC: [8192] preg_replace(): The /e modifier is deprecated, use preg_replace_callback instead /Applications/XAMPP/xamppfiles/htdocs/vvvle/ThinkPHP/Lib/Template/ThinkTemplate.class.php 第 404 行.
NOTIC: [8192] preg_replace(): The /e modifier is deprecated, use preg_replace_callback instead /Applications/XAMPP/xamppfiles/htdocs/vvvle/ThinkPHP/Lib/Template/ThinkTemplate.class.php 第 404 行.
NOTIC: [8192] preg_replace(): The /e modifier is deprecated, use preg_replace_callback instead /Applications/XAMPP/xamppfiles/htdocs/vvvle/ThinkPHP/Lib/Template/ThinkTemplate.class.php 第 404 行.
NOTIC: [8192] preg_replace(): The /e modifier is deprecated, use preg_replace_callback instead /Applications/XAMPP/xamppfiles/htdocs/vvvle/ThinkPHP/Lib/Template/ThinkTemplate.class.php 第 404 行.
NOTIC: [8192] preg_replace(): The /e modifier is deprecated, use preg_replace_callback instead /Applications/XAMPP/xamppfiles/htdocs/vvvle/ThinkPHP/Lib/Template/ThinkTemplate.class.php 第 404 行.
NOTIC: [8192] preg_replace(): The /e modifier is deprecated, use preg_replace_callback instead /Applications/XAMPP/xamppfiles/htdocs/vvvle/ThinkPHP/Lib/Template/ThinkTemplate.class.php 第 404 行.
NOTIC: [8192] preg_replace(): The /e modifier is deprecated, use preg_replace_callback instead /Applications/XAMPP/xamppfiles/htdocs/vvvle/ThinkPHP/Lib/Template/ThinkTemplate.class.php 第 404 行.
NOTIC: [8192] preg_replace(): The /e modifier is deprecated, use preg_replace_callback instead /Applications/XAMPP/xamppfiles/htdocs/vvvle/ThinkPHP/Lib/Template/ThinkTemplate.class.php 第 404 行.
NOTIC: [8192] preg_replace(): The /e modifier is deprecated, use preg_replace_callback instead /Applications/XAMPP/xamppfiles/htdocs/vvvle/ThinkPHP/Lib/Template/ThinkTemplate.class.php 第 404 行.
NOTIC: [8192] preg_replace(): The /e modifier is deprecated, use preg_replace_callback instead /Applications/XAMPP/xamppfiles/htdocs/vvvle/ThinkPHP/Lib/Template/ThinkTemplate.class.php 第 404 行.
NOTIC: [8192] preg_replace(): The /e modifier is deprecated, use preg_replace_callback instead /Applications/XAMPP/xamppfiles/htdocs/vvvle/ThinkPHP/Lib/Template/ThinkTemplate.class.php 第 404 行.
NOTIC: [8192] preg_replace(): The /e modifier is deprecated, use preg_replace_callback instead /Applications/XAMPP/xamppfiles/htdocs/vvvle/ThinkPHP/Lib/Template/ThinkTemplate.class.php 第 404 行.
NOTIC: [8192] preg_replace(): The /e modifier is deprecated, use preg_replace_callback instead /Applications/XAMPP/xamppfiles/htdocs/vvvle/ThinkPHP/Lib/Template/ThinkTemplate.class.php 第 404 行.
NOTIC: [8192] preg_replace(): The /e modifier is deprecated, use preg_replace_callback instead /Applications/XAMPP/xamppfiles/htdocs/vvvle/ThinkPHP/Lib/Template/ThinkTemplate.class.php 第 404 行.
NOTIC: [8192] preg_replace(): The /e modifier is deprecated, use preg_replace_callback instead /Applications/XAMPP/xamppfiles/htdocs/vvvle/ThinkPHP/Lib/Template/ThinkTemplate.class.php 第 404 行.
NOTIC: [8192] preg_replace(): The /e modifier is deprecated, use preg_replace_callback instead /Applications/XAMPP/xamppfiles/htdocs/vvvle/ThinkPHP/Lib/Template/ThinkTemplate.class.php 第 404 行.
NOTIC: [8192] preg_replace(): The /e modifier is deprecated, use preg_replace_callback instead /Applications/XAMPP/xamppfiles/htdocs/vvvle/ThinkPHP/Lib/Template/ThinkTemplate.class.php 第 404 行.
NOTIC: [8192] preg_replace(): The /e modifier is deprecated, use preg_replace_callback instead /Applications/XAMPP/xamppfiles/htdocs/vvvle/ThinkPHP/Lib/Template/ThinkTemplate.class.php 第 404 行.
NOTIC: [8192] preg_replace(): The /e modifier is deprecated, use preg_replace_callback instead /Applications/XAMPP/xamppfiles/htdocs/vvvle/ThinkPHP/Lib/Template/ThinkTemplate.class.php 第 404 行.
NOTIC: [8192] preg_replace(): The /e modifier is deprecated, use preg_replace_callback instead /Applications/XAMPP/xamppfiles/htdocs/vvvle/ThinkPHP/Lib/Template/ThinkTemplate.class.php 第 404 行.
NOTIC: [8192] preg_replace(): The /e modifier is deprecated, use preg_replace_callback instead /Applications/XAMPP/xamppfiles/htdocs/vvvle/ThinkPHP/Lib/Template/ThinkTemplate.class.php 第 404 行.
NOTIC: [8192] preg_replace(): The /e modifier is deprecated, use preg_replace_callback instead /Applications/XAMPP/xamppfiles/htdocs/vvvle/ThinkPHP/Lib/Template/ThinkTemplate.class.php 第 404 行.
NOTIC: [8192] preg_replace(): The /e modifier is deprecated, use preg_replace_callback instead /Applications/XAMPP/xamppfiles/htdocs/vvvle/ThinkPHP/Lib/Template/ThinkTemplate.class.php 第 404 行.
NOTIC: [8192] preg_replace(): The /e modifier is deprecated, use preg_replace_callback instead /Applications/XAMPP/xamppfiles/htdocs/vvvle/ThinkPHP/Lib/Template/ThinkTemplate.class.php 第 404 行.
NOTIC: [8192] preg_replace(): The /e modifier is deprecated, use preg_replace_callback instead /Applications/XAMPP/xamppfiles/htdocs/vvvle/ThinkPHP/Lib/Template/ThinkTemplate.class.php 第 404 行.
NOTIC: [8192] preg_replace(): The /e modifier is deprecated, use preg_replace_callback instead /Applications/XAMPP/xamppfiles/htdocs/vvvle/ThinkPHP/Lib/Template/ThinkTemplate.class.php 第 404 行.
NOTIC: [8192] preg_replace(): The /e modifier is deprecated, use preg_replace_callback instead /Applications/XAMPP/xamppfiles/htdocs/vvvle/ThinkPHP/Lib/Template/ThinkTemplate.class.php 第 399 行.
NOTIC: [8192] preg_replace(): The /e modifier is deprecated, use preg_replace_callback instead /Applications/XAMPP/xamppfiles/htdocs/vvvle/ThinkPHP/Lib/Template/ThinkTemplate.class.php 第 399 行.
NOTIC: [8192] preg_replace(): The /e modifier is deprecated, use preg_replace_callback instead /Applications/XAMPP/xamppfiles/htdocs/vvvle/ThinkPHP/Lib/Template/ThinkTemplate.class.php 第 399 行.
NOTIC: [8192] preg_replace(): The /e modifier is deprecated, use preg_replace_callback instead /Applications/XAMPP/xamppfiles/htdocs/vvvle/ThinkPHP/Lib/Template/ThinkTemplate.class.php 第 399 行.
NOTIC: [8192] preg_replace(): The /e modifier is deprecated, use preg_replace_callback instead /Applications/XAMPP/xamppfiles/htdocs/vvvle/ThinkPHP/Lib/Template/ThinkTemplate.class.php 第 399 行.
NOTIC: [8192] preg_replace(): The /e modifier is deprecated, use preg_replace_callback instead /Applications/XAMPP/xamppfiles/htdocs/vvvle/ThinkPHP/Lib/Template/ThinkTemplate.class.php 第 399 行.
NOTIC: [8192] preg_replace(): The /e modifier is deprecated, use preg_replace_callback instead /Applications/XAMPP/xamppfiles/htdocs/vvvle/ThinkPHP/Lib/Template/ThinkTemplate.class.php 第 404 行.
NOTIC: [8192] preg_replace(): The /e modifier is deprecated, use preg_replace_callback instead /Applications/XAMPP/xamppfiles/htdocs/vvvle/ThinkPHP/Lib/Template/ThinkTemplate.class.php 第 404 行.
NOTIC: [8192] preg_replace(): The /e modifier is deprecated, use preg_replace_callback instead /Applications/XAMPP/xamppfiles/htdocs/vvvle/ThinkPHP/Lib/Template/ThinkTemplate.class.php 第 404 行.
NOTIC: [8192] preg_replace(): The /e modifier is deprecated, use preg_replace_callback instead /Applications/XAMPP/xamppfiles/htdocs/vvvle/ThinkPHP/Lib/Template/ThinkTemplate.class.php 第 197 行.
NOTIC: [8192] preg_replace(): The /e modifier is deprecated, use preg_replace_callback instead /Applications/XAMPP/xamppfiles/htdocs/vvvle/ThinkPHP/Lib/Template/ThinkTemplate.class.php 第 137 行.
NOTIC: [8] Undefined variable: index /Applications/XAMPP/xamppfiles/htdocs/vvvle/Index/Runtime/Cache/350d9731cb6391ddab04685b09872f34.php 第 96 行.
NOTIC: [8] Undefined variable: lens /Applications/XAMPP/xamppfiles/htdocs/vvvle/Index/Runtime/Cache/350d9731cb6391ddab04685b09872f34.php 第 100 行.
NOTIC: [8] Undefined variable: accesories /Applications/XAMPP/xamppfiles/htdocs/vvvle/Index/Runtime/Cache/350d9731cb6391ddab04685b09872f34.php 第 104 行.
NOTIC: [8] Undefined variable: parts /Applications/XAMPP/xamppfiles/htdocs/vvvle/Index/Runtime/Cache/350d9731cb6391ddab04685b09872f34.php 第 108 行.
NOTIC: [8] Undefined variable: newProduct /Applications/XAMPP/xamppfiles/htdocs/vvvle/Index/Runtime/Cache/350d9731cb6391ddab04685b09872f34.php 第 112 行.
NOTIC: [8] Undefined variable: hot /Applications/XAMPP/xamppfiles/htdocs/vvvle/Index/Runtime/Cache/350d9731cb6391ddab04685b09872f34.php 第 116 行.
INFO: ParseTemplate Behavior ::run [ RunTime:0.008732s ]
INFO: [ view_parse ] --END-- [ RunTime:0.008761s ]
INFO: [ view_filter ] --START--
INFO: ContentReplace Behavior ::run [ RunTime:0.000425s ]
INFO: TokenBuild Behavior ::run [ RunTime:0.000173s ]
INFO: WriteHtmlCache Behavior ::run [ RunTime:0.000094s ]
INFO: ShowRuntime Behavior ::run [ RunTime:0.000199s ]
INFO: [ view_filter ] --END-- [ RunTime:0.000968s ]
INFO: [ view_end ] --START--
INFO: ShowPageTrace Behavior ::run [ RunTime:0.000294s ]
INFO: [ view_end ] --END-- [ RunTime:0.000322s ]

[ 2017-08-06T23:08:59+08:00 ] 0.0.0.0 /vvvle/index.php/ProductDetails/%7B%7Bv.path%7D%7D
INFO: [ route_check ] --START--
INFO: CheckRoute Behavior ::run [ RunTime:0.000320s ]
INFO: [ route_check ] --END-- [ RunTime:0.000364s ]
NOTIC: [8192] preg_replace(): The /e modifier is deprecated, use preg_replace_callback instead /Applications/XAMPP/xamppfiles/htdocs/vvvle/ThinkPHP/Lib/Core/Dispatcher.class.php 第 132 行.
INFO: [ app_begin ] --START--
INFO: ReadHtmlCache Behavior ::run [ RunTime:0.000213s ]
INFO: [ app_begin ] --END-- [ RunTime:0.000240s ]
ERR: 非法操作:{{v.path}}

[ 2017-08-06T23:09:03+08:00 ] 0.0.0.0 /vvvle/index.php/Index/index
INFO: [ route_check ] --START--
INFO: CheckRoute Behavior ::run [ RunTime:0.000393s ]
INFO: [ route_check ] --END-- [ RunTime:0.000440s ]
NOTIC: [8192] preg_replace(): The /e modifier is deprecated, use preg_replace_callback instead /Applications/XAMPP/xamppfiles/htdocs/vvvle/ThinkPHP/Lib/Core/Dispatcher.class.php 第 132 行.
INFO: [ app_begin ] --START--
INFO: ReadHtmlCache Behavior ::run [ RunTime:0.000213s ]
INFO: [ app_begin ] --END-- [ RunTime:0.000237s ]
=======
[ 2017-08-06T23:11:04+08:00 ] 0.0.0.0 /vvvle/index.php
INFO: [ app_begin ] --START--
INFO: ReadHtmlCache Behavior ::run [ RunTime:0.000464s ]
INFO: [ app_begin ] --END-- [ RunTime:0.000537s ]
>>>>>>> origin/master
INFO: [ view_parse ] --START--
NOTIC: [8192] preg_replace(): The /e modifier is deprecated, use preg_replace_callback instead /Applications/XAMPP/xamppfiles/htdocs/vvvle/ThinkPHP/Lib/Template/ThinkTemplate.class.php 第 273 行.
NOTIC: [8192] preg_replace(): The /e modifier is deprecated, use preg_replace_callback instead /Applications/XAMPP/xamppfiles/htdocs/vvvle/ThinkPHP/Lib/Template/ThinkTemplate.class.php 第 273 行.
NOTIC: [8192] preg_replace(): The /e modifier is deprecated, use preg_replace_callback instead /Applications/XAMPP/xamppfiles/htdocs/vvvle/ThinkPHP/Lib/Template/ThinkTemplate.class.php 第 273 行.
NOTIC: [8192] preg_replace(): The /e modifier is deprecated, use preg_replace_callback instead /Applications/XAMPP/xamppfiles/htdocs/vvvle/ThinkPHP/Lib/Template/ThinkTemplate.class.php 第 273 行.
NOTIC: [8192] preg_replace(): The /e modifier is deprecated, use preg_replace_callback instead /Applications/XAMPP/xamppfiles/htdocs/vvvle/ThinkPHP/Lib/Template/ThinkTemplate.class.php 第 168 行.
NOTIC: [8192] preg_replace(): The /e modifier is deprecated, use preg_replace_callback instead /Applications/XAMPP/xamppfiles/htdocs/vvvle/ThinkPHP/Lib/Template/ThinkTemplate.class.php 第 404 行.
NOTIC: [8192] preg_replace(): The /e modifier is deprecated, use preg_replace_callback instead /Applications/XAMPP/xamppfiles/htdocs/vvvle/ThinkPHP/Lib/Template/ThinkTemplate.class.php 第 404 行.
NOTIC: [8192] preg_replace(): The /e modifier is deprecated, use preg_replace_callback instead /Applications/XAMPP/xamppfiles/htdocs/vvvle/ThinkPHP/Lib/Template/ThinkTemplate.class.php 第 404 行.
NOTIC: [8192] preg_replace(): The /e modifier is deprecated, use preg_replace_callback instead /Applications/XAMPP/xamppfiles/htdocs/vvvle/ThinkPHP/Lib/Template/ThinkTemplate.class.php 第 404 行.
NOTIC: [8192] preg_replace(): The /e modifier is deprecated, use preg_replace_callback instead /Applications/XAMPP/xamppfiles/htdocs/vvvle/ThinkPHP/Lib/Template/ThinkTemplate.class.php 第 404 行.
NOTIC: [8192] preg_replace(): The /e modifier is deprecated, use preg_replace_callback instead /Applications/XAMPP/xamppfiles/htdocs/vvvle/ThinkPHP/Lib/Template/ThinkTemplate.class.php 第 404 行.
NOTIC: [8192] preg_replace(): The /e modifier is deprecated, use preg_replace_callback instead /Applications/XAMPP/xamppfiles/htdocs/vvvle/ThinkPHP/Lib/Template/ThinkTemplate.class.php 第 404 行.
NOTIC: [8192] preg_replace(): The /e modifier is deprecated, use preg_replace_callback instead /Applications/XAMPP/xamppfiles/htdocs/vvvle/ThinkPHP/Lib/Template/ThinkTemplate.class.php 第 404 行.
NOTIC: [8192] preg_replace(): The /e modifier is deprecated, use preg_replace_callback instead /Applications/XAMPP/xamppfiles/htdocs/vvvle/ThinkPHP/Lib/Template/ThinkTemplate.class.php 第 404 行.
NOTIC: [8192] preg_replace(): The /e modifier is deprecated, use preg_replace_callback instead /Applications/XAMPP/xamppfiles/htdocs/vvvle/ThinkPHP/Lib/Template/ThinkTemplate.class.php 第 404 行.
NOTIC: [8192] preg_replace(): The /e modifier is deprecated, use preg_replace_callback instead /Applications/XAMPP/xamppfiles/htdocs/vvvle/ThinkPHP/Lib/Template/ThinkTemplate.class.php 第 404 行.
NOTIC: [8192] preg_replace(): The /e modifier is deprecated, use preg_replace_callback instead /Applications/XAMPP/xamppfiles/htdocs/vvvle/ThinkPHP/Lib/Template/ThinkTemplate.class.php 第 404 行.
NOTIC: [8192] preg_replace(): The /e modifier is deprecated, use preg_replace_callback instead /Applications/XAMPP/xamppfiles/htdocs/vvvle/ThinkPHP/Lib/Template/ThinkTemplate.class.php 第 399 行.
NOTIC: [8192] preg_replace(): The /e modifier is deprecated, use preg_replace_callback instead /Applications/XAMPP/xamppfiles/htdocs/vvvle/ThinkPHP/Lib/Template/ThinkTemplate.class.php 第 399 行.
NOTIC: [8192] preg_replace(): The /e modifier is deprecated, use preg_replace_callback instead /Applications/XAMPP/xamppfiles/htdocs/vvvle/ThinkPHP/Lib/Template/ThinkTemplate.class.php 第 404 行.
NOTIC: [8192] preg_replace(): The /e modifier is deprecated, use preg_replace_callback instead /Applications/XAMPP/xamppfiles/htdocs/vvvle/ThinkPHP/Lib/Template/ThinkTemplate.class.php 第 404 行.
NOTIC: [8192] preg_replace(): The /e modifier is deprecated, use preg_replace_callback instead /Applications/XAMPP/xamppfiles/htdocs/vvvle/ThinkPHP/Lib/Template/ThinkTemplate.class.php 第 404 行.
NOTIC: [8192] preg_replace(): The /e modifier is deprecated, use preg_replace_callback instead /Applications/XAMPP/xamppfiles/htdocs/vvvle/ThinkPHP/Lib/Template/ThinkTemplate.class.php 第 399 行.
NOTIC: [8192] preg_replace(): The /e modifier is deprecated, use preg_replace_callback instead /Applications/XAMPP/xamppfiles/htdocs/vvvle/ThinkPHP/Lib/Template/ThinkTemplate.class.php 第 404 行.
NOTIC: [8192] preg_replace(): The /e modifier is deprecated, use preg_replace_callback instead /Applications/XAMPP/xamppfiles/htdocs/vvvle/ThinkPHP/Lib/Template/ThinkTemplate.class.php 第 404 行.
NOTIC: [8192] preg_replace(): The /e modifier is deprecated, use preg_replace_callback instead /Applications/XAMPP/xamppfiles/htdocs/vvvle/ThinkPHP/Lib/Template/ThinkTemplate.class.php 第 404 行.
NOTIC: [8192] preg_replace(): The /e modifier is deprecated, use preg_replace_callback instead /Applications/XAMPP/xamppfiles/htdocs/vvvle/ThinkPHP/Lib/Template/ThinkTemplate.class.php 第 404 行.
NOTIC: [8192] preg_replace(): The /e modifier is deprecated, use preg_replace_callback instead /Applications/XAMPP/xamppfiles/htdocs/vvvle/ThinkPHP/Lib/Template/ThinkTemplate.class.php 第 404 行.
NOTIC: [8192] preg_replace(): The /e modifier is deprecated, use preg_replace_callback instead /Applications/XAMPP/xamppfiles/htdocs/vvvle/ThinkPHP/Lib/Template/ThinkTemplate.class.php 第 404 行.
NOTIC: [8192] preg_replace(): The /e modifier is deprecated, use preg_replace_callback instead /Applications/XAMPP/xamppfiles/htdocs/vvvle/ThinkPHP/Lib/Template/ThinkTemplate.class.php 第 404 行.
NOTIC: [8192] preg_replace(): The /e modifier is deprecated, use preg_replace_callback instead /Applications/XAMPP/xamppfiles/htdocs/vvvle/ThinkPHP/Lib/Template/ThinkTemplate.class.php 第 404 行.
NOTIC: [8192] preg_replace(): The /e modifier is deprecated, use preg_replace_callback instead /Applications/XAMPP/xamppfiles/htdocs/vvvle/ThinkPHP/Lib/Template/ThinkTemplate.class.php 第 404 行.
NOTIC: [8192] preg_replace(): The /e modifier is deprecated, use preg_replace_callback instead /Applications/XAMPP/xamppfiles/htdocs/vvvle/ThinkPHP/Lib/Template/ThinkTemplate.class.php 第 404 行.
NOTIC: [8192] preg_replace(): The /e modifier is deprecated, use preg_replace_callback instead /Applications/XAMPP/xamppfiles/htdocs/vvvle/ThinkPHP/Lib/Template/ThinkTemplate.class.php 第 404 行.
NOTIC: [8192] preg_replace(): The /e modifier is deprecated, use preg_replace_callback instead /Applications/XAMPP/xamppfiles/htdocs/vvvle/ThinkPHP/Lib/Template/ThinkTemplate.class.php 第 404 行.
NOTIC: [8192] preg_replace(): The /e modifier is deprecated, use preg_replace_callback instead /Applications/XAMPP/xamppfiles/htdocs/vvvle/ThinkPHP/Lib/Template/ThinkTemplate.class.php 第 404 行.
NOTIC: [8192] preg_replace(): The /e modifier is deprecated, use preg_replace_callback instead /Applications/XAMPP/xamppfiles/htdocs/vvvle/ThinkPHP/Lib/Template/ThinkTemplate.class.php 第 404 行.
NOTIC: [8192] preg_replace(): The /e modifier is deprecated, use preg_replace_callback instead /Applications/XAMPP/xamppfiles/htdocs/vvvle/ThinkPHP/Lib/Template/ThinkTemplate.class.php 第 404 行.
NOTIC: [8192] preg_replace(): The /e modifier is deprecated, use preg_replace_callback instead /Applications/XAMPP/xamppfiles/htdocs/vvvle/ThinkPHP/Lib/Template/ThinkTemplate.class.php 第 404 行.
NOTIC: [8192] preg_replace(): The /e modifier is deprecated, use preg_replace_callback instead /Applications/XAMPP/xamppfiles/htdocs/vvvle/ThinkPHP/Lib/Template/ThinkTemplate.class.php 第 404 行.
NOTIC: [8192] preg_replace(): The /e modifier is deprecated, use preg_replace_callback instead /Applications/XAMPP/xamppfiles/htdocs/vvvle/ThinkPHP/Lib/Template/ThinkTemplate.class.php 第 404 行.
NOTIC: [8192] preg_replace(): The /e modifier is deprecated, use preg_replace_callback instead /Applications/XAMPP/xamppfiles/htdocs/vvvle/ThinkPHP/Lib/Template/ThinkTemplate.class.php 第 404 行.
NOTIC: [8192] preg_replace(): The /e modifier is deprecated, use preg_replace_callback instead /Applications/XAMPP/xamppfiles/htdocs/vvvle/ThinkPHP/Lib/Template/ThinkTemplate.class.php 第 404 行.
NOTIC: [8192] preg_replace(): The /e modifier is deprecated, use preg_replace_callback instead /Applications/XAMPP/xamppfiles/htdocs/vvvle/ThinkPHP/Lib/Template/ThinkTemplate.class.php 第 404 行.
NOTIC: [8192] preg_replace(): The /e modifier is deprecated, use preg_replace_callback instead /Applications/XAMPP/xamppfiles/htdocs/vvvle/ThinkPHP/Lib/Template/ThinkTemplate.class.php 第 404 行.
NOTIC: [8192] preg_replace(): The /e modifier is deprecated, use preg_replace_callback instead /Applications/XAMPP/xamppfiles/htdocs/vvvle/ThinkPHP/Lib/Template/ThinkTemplate.class.php 第 404 行.
NOTIC: [8192] preg_replace(): The /e modifier is deprecated, use preg_replace_callback instead /Applications/XAMPP/xamppfiles/htdocs/vvvle/ThinkPHP/Lib/Template/ThinkTemplate.class.php 第 404 行.
NOTIC: [8192] preg_replace(): The /e modifier is deprecated, use preg_replace_callback instead /Applications/XAMPP/xamppfiles/htdocs/vvvle/ThinkPHP/Lib/Template/ThinkTemplate.class.php 第 404 行.
NOTIC: [8192] preg_replace(): The /e modifier is deprecated, use preg_replace_callback instead /Applications/XAMPP/xamppfiles/htdocs/vvvle/ThinkPHP/Lib/Template/ThinkTemplate.class.php 第 404 行.
NOTIC: [8192] preg_replace(): The /e modifier is deprecated, use preg_replace_callback instead /Applications/XAMPP/xamppfiles/htdocs/vvvle/ThinkPHP/Lib/Template/ThinkTemplate.class.php 第 404 行.
NOTIC: [8192] preg_replace(): The /e modifier is deprecated, use preg_replace_callback instead /Applications/XAMPP/xamppfiles/htdocs/vvvle/ThinkPHP/Lib/Template/ThinkTemplate.class.php 第 404 行.
NOTIC: [8192] preg_replace(): The /e modifier is deprecated, use preg_replace_callback instead /Applications/XAMPP/xamppfiles/htdocs/vvvle/ThinkPHP/Lib/Template/ThinkTemplate.class.php 第 404 行.
NOTIC: [8192] preg_replace(): The /e modifier is deprecated, use preg_replace_callback instead /Applications/XAMPP/xamppfiles/htdocs/vvvle/ThinkPHP/Lib/Template/ThinkTemplate.class.php 第 404 行.
NOTIC: [8192] preg_replace(): The /e modifier is deprecated, use preg_replace_callback instead /Applications/XAMPP/xamppfiles/htdocs/vvvle/ThinkPHP/Lib/Template/ThinkTemplate.class.php 第 404 行.
NOTIC: [8192] preg_replace(): The /e modifier is deprecated, use preg_replace_callback instead /Applications/XAMPP/xamppfiles/htdocs/vvvle/ThinkPHP/Lib/Template/ThinkTemplate.class.php 第 404 行.
NOTIC: [8192] preg_replace(): The /e modifier is deprecated, use preg_replace_callback instead /Applications/XAMPP/xamppfiles/htdocs/vvvle/ThinkPHP/Lib/Template/ThinkTemplate.class.php 第 404 行.
NOTIC: [8192] preg_replace(): The /e modifier is deprecated, use preg_replace_callback instead /Applications/XAMPP/xamppfiles/htdocs/vvvle/ThinkPHP/Lib/Template/ThinkTemplate.class.php 第 404 行.
NOTIC: [8192] preg_replace(): The /e modifier is deprecated, use preg_replace_callback instead /Applications/XAMPP/xamppfiles/htdocs/vvvle/ThinkPHP/Lib/Template/ThinkTemplate.class.php 第 404 行.
NOTIC: [8192] preg_replace(): The /e modifier is deprecated, use preg_replace_callback instead /Applications/XAMPP/xamppfiles/htdocs/vvvle/ThinkPHP/Lib/Template/ThinkTemplate.class.php 第 404 行.
NOTIC: [8192] preg_replace(): The /e modifier is deprecated, use preg_replace_callback instead /Applications/XAMPP/xamppfiles/htdocs/vvvle/ThinkPHP/Lib/Template/ThinkTemplate.class.php 第 404 行.
NOTIC: [8192] preg_replace(): The /e modifier is deprecated, use preg_replace_callback instead /Applications/XAMPP/xamppfiles/htdocs/vvvle/ThinkPHP/Lib/Template/ThinkTemplate.class.php 第 404 行.
NOTIC: [8192] preg_replace(): The /e modifier is deprecated, use preg_replace_callback instead /Applications/XAMPP/xamppfiles/htdocs/vvvle/ThinkPHP/Lib/Template/ThinkTemplate.class.php 第 404 行.
NOTIC: [8192] preg_replace(): The /e modifier is deprecated, use preg_replace_callback instead /Applications/XAMPP/xamppfiles/htdocs/vvvle/ThinkPHP/Lib/Template/ThinkTemplate.class.php 第 404 行.
NOTIC: [8192] preg_replace(): The /e modifier is deprecated, use preg_replace_callback instead /Applications/XAMPP/xamppfiles/htdocs/vvvle/ThinkPHP/Lib/Template/ThinkTemplate.class.php 第 404 行.
NOTIC: [8192] preg_replace(): The /e modifier is deprecated, use preg_replace_callback instead /Applications/XAMPP/xamppfiles/htdocs/vvvle/ThinkPHP/Lib/Template/ThinkTemplate.class.php 第 404 行.
NOTIC: [8192] preg_replace(): The /e modifier is deprecated, use preg_replace_callback instead /Applications/XAMPP/xamppfiles/htdocs/vvvle/ThinkPHP/Lib/Template/ThinkTemplate.class.php 第 404 行.
NOTIC: [8192] preg_replace(): The /e modifier is deprecated, use preg_replace_callback instead /Applications/XAMPP/xamppfiles/htdocs/vvvle/ThinkPHP/Lib/Template/ThinkTemplate.class.php 第 404 行.
NOTIC: [8192] preg_replace(): The /e modifier is deprecated, use preg_replace_callback instead /Applications/XAMPP/xamppfiles/htdocs/vvvle/ThinkPHP/Lib/Template/ThinkTemplate.class.php 第 404 行.
NOTIC: [8192] preg_replace(): The /e modifier is deprecated, use preg_replace_callback instead /Applications/XAMPP/xamppfiles/htdocs/vvvle/ThinkPHP/Lib/Template/ThinkTemplate.class.php 第 404 行.
NOTIC: [8192] preg_replace(): The /e modifier is deprecated, use preg_replace_callback instead /Applications/XAMPP/xamppfiles/htdocs/vvvle/ThinkPHP/Lib/Template/ThinkTemplate.class.php 第 404 行.
NOTIC: [8192] preg_replace(): The /e modifier is deprecated, use preg_replace_callback instead /Applications/XAMPP/xamppfiles/htdocs/vvvle/ThinkPHP/Lib/Template/ThinkTemplate.class.php 第 404 行.
NOTIC: [8192] preg_replace(): The /e modifier is deprecated, use preg_replace_callback instead /Applications/XAMPP/xamppfiles/htdocs/vvvle/ThinkPHP/Lib/Template/ThinkTemplate.class.php 第 404 行.
NOTIC: [8192] preg_replace(): The /e modifier is deprecated, use preg_replace_callback instead /Applications/XAMPP/xamppfiles/htdocs/vvvle/ThinkPHP/Lib/Template/ThinkTemplate.class.php 第 404 行.
NOTIC: [8192] preg_replace(): The /e modifier is deprecated, use preg_replace_callback instead /Applications/XAMPP/xamppfiles/htdocs/vvvle/ThinkPHP/Lib/Template/ThinkTemplate.class.php 第 404 行.
NOTIC: [8192] preg_replace(): The /e modifier is deprecated, use preg_replace_callback instead /Applications/XAMPP/xamppfiles/htdocs/vvvle/ThinkPHP/Lib/Template/ThinkTemplate.class.php 第 404 行.
NOTIC: [8192] preg_replace(): The /e modifier is deprecated, use preg_replace_callback instead /Applications/XAMPP/xamppfiles/htdocs/vvvle/ThinkPHP/Lib/Template/ThinkTemplate.class.php 第 404 行.
NOTIC: [8192] preg_replace(): The /e modifier is deprecated, use preg_replace_callback instead /Applications/XAMPP/xamppfiles/htdocs/vvvle/ThinkPHP/Lib/Template/ThinkTemplate.class.php 第 404 行.
NOTIC: [8192] preg_replace(): The /e modifier is deprecated, use preg_replace_callback instead /Applications/XAMPP/xamppfiles/htdocs/vvvle/ThinkPHP/Lib/Template/ThinkTemplate.class.php 第 404 行.
NOTIC: [8192] preg_replace(): The /e modifier is deprecated, use preg_replace_callback instead /Applications/XAMPP/xamppfiles/htdocs/vvvle/ThinkPHP/Lib/Template/ThinkTemplate.class.php 第 404 行.
NOTIC: [8192] preg_replace(): The /e modifier is deprecated, use preg_replace_callback instead /Applications/XAMPP/xamppfiles/htdocs/vvvle/ThinkPHP/Lib/Template/ThinkTemplate.class.php 第 404 行.
NOTIC: [8192] preg_replace(): The /e modifier is deprecated, use preg_replace_callback instead /Applications/XAMPP/xamppfiles/htdocs/vvvle/ThinkPHP/Lib/Template/ThinkTemplate.class.php 第 404 行.
NOTIC: [8192] preg_replace(): The /e modifier is deprecated, use preg_replace_callback instead /Applications/XAMPP/xamppfiles/htdocs/vvvle/ThinkPHP/Lib/Template/ThinkTemplate.class.php 第 404 行.
NOTIC: [8192] preg_replace(): The /e modifier is deprecated, use preg_replace_callback instead /Applications/XAMPP/xamppfiles/htdocs/vvvle/ThinkPHP/Lib/Template/ThinkTemplate.class.php 第 404 行.
NOTIC: [8192] preg_replace(): The /e modifier is deprecated, use preg_replace_callback instead /Applications/XAMPP/xamppfiles/htdocs/vvvle/ThinkPHP/Lib/Template/ThinkTemplate.class.php 第 404 行.
NOTIC: [8192] preg_replace(): The /e modifier is deprecated, use preg_replace_callback instead /Applications/XAMPP/xamppfiles/htdocs/vvvle/ThinkPHP/Lib/Template/ThinkTemplate.class.php 第 404 行.
NOTIC: [8192] preg_replace(): The /e modifier is deprecated, use preg_replace_callback instead /Applications/XAMPP/xamppfiles/htdocs/vvvle/ThinkPHP/Lib/Template/ThinkTemplate.class.php 第 404 行.
NOTIC: [8192] preg_replace(): The /e modifier is deprecated, use preg_replace_callback instead /Applications/XAMPP/xamppfiles/htdocs/vvvle/ThinkPHP/Lib/Template/ThinkTemplate.class.php 第 404 行.
NOTIC: [8192] preg_replace(): The /e modifier is deprecated, use preg_replace_callback instead /Applications/XAMPP/xamppfiles/htdocs/vvvle/ThinkPHP/Lib/Template/ThinkTemplate.class.php 第 404 行.
NOTIC: [8192] preg_replace(): The /e modifier is deprecated, use preg_replace_callback instead /Applications/XAMPP/xamppfiles/htdocs/vvvle/ThinkPHP/Lib/Template/ThinkTemplate.class.php 第 404 行.
NOTIC: [8192] preg_replace(): The /e modifier is deprecated, use preg_replace_callback instead /Applications/XAMPP/xamppfiles/htdocs/vvvle/ThinkPHP/Lib/Template/ThinkTemplate.class.php 第 399 行.
NOTIC: [8192] preg_replace(): The /e modifier is deprecated, use preg_replace_callback instead /Applications/XAMPP/xamppfiles/htdocs/vvvle/ThinkPHP/Lib/Template/ThinkTemplate.class.php 第 399 行.
NOTIC: [8192] preg_replace(): The /e modifier is deprecated, use preg_replace_callback instead /Applications/XAMPP/xamppfiles/htdocs/vvvle/ThinkPHP/Lib/Template/ThinkTemplate.class.php 第 399 行.
NOTIC: [8192] preg_replace(): The /e modifier is deprecated, use preg_replace_callback instead /Applications/XAMPP/xamppfiles/htdocs/vvvle/ThinkPHP/Lib/Template/ThinkTemplate.class.php 第 399 行.
NOTIC: [8192] preg_replace(): The /e modifier is deprecated, use preg_replace_callback instead /Applications/XAMPP/xamppfiles/htdocs/vvvle/ThinkPHP/Lib/Template/ThinkTemplate.class.php 第 399 行.
NOTIC: [8192] preg_replace(): The /e modifier is deprecated, use preg_replace_callback instead /Applications/XAMPP/xamppfiles/htdocs/vvvle/ThinkPHP/Lib/Template/ThinkTemplate.class.php 第 399 行.
NOTIC: [8192] preg_replace(): The /e modifier is deprecated, use preg_replace_callback instead /Applications/XAMPP/xamppfiles/htdocs/vvvle/ThinkPHP/Lib/Template/ThinkTemplate.class.php 第 404 行.
NOTIC: [8192] preg_replace(): The /e modifier is deprecated, use preg_replace_callback instead /Applications/XAMPP/xamppfiles/htdocs/vvvle/ThinkPHP/Lib/Template/ThinkTemplate.class.php 第 404 行.
NOTIC: [8192] preg_replace(): The /e modifier is deprecated, use preg_replace_callback instead /Applications/XAMPP/xamppfiles/htdocs/vvvle/ThinkPHP/Lib/Template/ThinkTemplate.class.php 第 404 行.
NOTIC: [8192] preg_replace(): The /e modifier is deprecated, use preg_replace_callback instead /Applications/XAMPP/xamppfiles/htdocs/vvvle/ThinkPHP/Lib/Template/ThinkTemplate.class.php 第 197 行.
NOTIC: [8192] preg_replace(): The /e modifier is deprecated, use preg_replace_callback instead /Applications/XAMPP/xamppfiles/htdocs/vvvle/ThinkPHP/Lib/Template/ThinkTemplate.class.php 第 137 行.
NOTIC: [8] Undefined variable: lens /Applications/XAMPP/xamppfiles/htdocs/vvvle/Index/Runtime/Cache/f9c22b8b40e560036663a0ce7ed378ae.php 第 94 行.
NOTIC: [8] Undefined variable: accesories /Applications/XAMPP/xamppfiles/htdocs/vvvle/Index/Runtime/Cache/f9c22b8b40e560036663a0ce7ed378ae.php 第 98 行.
NOTIC: [8] Undefined variable: parts /Applications/XAMPP/xamppfiles/htdocs/vvvle/Index/Runtime/Cache/f9c22b8b40e560036663a0ce7ed378ae.php 第 102 行.
NOTIC: [8] Undefined variable: newProduct /Applications/XAMPP/xamppfiles/htdocs/vvvle/Index/Runtime/Cache/f9c22b8b40e560036663a0ce7ed378ae.php 第 106 行.
NOTIC: [8] Undefined variable: hot /Applications/XAMPP/xamppfiles/htdocs/vvvle/Index/Runtime/Cache/f9c22b8b40e560036663a0ce7ed378ae.php 第 110 行.
<<<<<<< HEAD
INFO: ParseTemplate Behavior ::run [ RunTime:0.023443s ]
INFO: [ view_parse ] --END-- [ RunTime:0.023482s ]
INFO: [ view_filter ] --START--
INFO: ContentReplace Behavior ::run [ RunTime:0.000542s ]
INFO: TokenBuild Behavior ::run [ RunTime:0.000223s ]
INFO: WriteHtmlCache Behavior ::run [ RunTime:0.000137s ]
INFO: ShowRuntime Behavior ::run [ RunTime:0.000355s ]
INFO: [ view_filter ] --END-- [ RunTime:0.001355s ]
INFO: [ view_end ] --START--
INFO: ShowPageTrace Behavior ::run [ RunTime:0.000433s ]
INFO: [ view_end ] --END-- [ RunTime:0.000480s ]

[ 2017-08-06T23:11:26+08:00 ] 0.0.0.0 /vvvle/index.php/Index/index
INFO: [ route_check ] --START--
INFO: CheckRoute Behavior ::run [ RunTime:0.000342s ]
INFO: [ route_check ] --END-- [ RunTime:0.000382s ]
NOTIC: [8192] preg_replace(): The /e modifier is deprecated, use preg_replace_callback instead /Applications/XAMPP/xamppfiles/htdocs/vvvle/ThinkPHP/Lib/Core/Dispatcher.class.php 第 132 行.
INFO: [ app_begin ] --START--
INFO: ReadHtmlCache Behavior ::run [ RunTime:0.000216s ]
INFO: [ app_begin ] --END-- [ RunTime:0.000242s ]
=======
INFO: ParseTemplate Behavior ::run [ RunTime:0.053961s ]
INFO: [ view_parse ] --END-- [ RunTime:0.054015s ]
INFO: [ view_filter ] --START--
INFO: ContentReplace Behavior ::run [ RunTime:0.000445s ]
INFO: TokenBuild Behavior ::run [ RunTime:0.000228s ]
INFO: WriteHtmlCache Behavior ::run [ RunTime:0.000124s ]
INFO: ShowRuntime Behavior ::run [ RunTime:0.000279s ]
INFO: [ view_filter ] --END-- [ RunTime:0.001180s ]
INFO: [ view_end ] --START--
INFO: ShowPageTrace Behavior ::run [ RunTime:0.000462s ]
INFO: [ view_end ] --END-- [ RunTime:0.000505s ]

[ 2017-08-06T23:11:23+08:00 ] 0.0.0.0 /vvvle/index.php/ProductDetails/productDetails
INFO: [ route_check ] --START--
INFO: CheckRoute Behavior ::run [ RunTime:0.000375s ]
INFO: [ route_check ] --END-- [ RunTime:0.000485s ]
NOTIC: [8192] preg_replace(): The /e modifier is deprecated, use preg_replace_callback instead /Applications/XAMPP/xamppfiles/htdocs/vvvle/ThinkPHP/Lib/Core/Dispatcher.class.php 第 132 行.
INFO: [ app_begin ] --START--
INFO: ReadHtmlCache Behavior ::run [ RunTime:0.000232s ]
INFO: [ app_begin ] --END-- [ RunTime:0.000270s ]
NOTIC: [8] Constant THEME_NAME already defined /Applications/XAMPP/xamppfiles/htdocs/vvvle/ThinkPHP/Lib/Core/View.class.php 第 223 行.
NOTIC: [8] Constant THEME_PATH already defined /Applications/XAMPP/xamppfiles/htdocs/vvvle/ThinkPHP/Lib/Core/View.class.php 第 174 行.
NOTIC: [8] Constant APP_TMPL_PATH already defined /Applications/XAMPP/xamppfiles/htdocs/vvvle/ThinkPHP/Lib/Core/View.class.php 第 175 行.
>>>>>>> origin/master
INFO: [ view_parse ] --START--
NOTIC: [8192] preg_replace(): The /e modifier is deprecated, use preg_replace_callback instead /Applications/XAMPP/xamppfiles/htdocs/vvvle/ThinkPHP/Lib/Template/ThinkTemplate.class.php 第 273 行.
NOTIC: [8192] preg_replace(): The /e modifier is deprecated, use preg_replace_callback instead /Applications/XAMPP/xamppfiles/htdocs/vvvle/ThinkPHP/Lib/Template/ThinkTemplate.class.php 第 273 行.
NOTIC: [8192] preg_replace(): The /e modifier is deprecated, use preg_replace_callback instead /Applications/XAMPP/xamppfiles/htdocs/vvvle/ThinkPHP/Lib/Template/ThinkTemplate.class.php 第 273 行.
NOTIC: [8192] preg_replace(): The /e modifier is deprecated, use preg_replace_callback instead /Applications/XAMPP/xamppfiles/htdocs/vvvle/ThinkPHP/Lib/Template/ThinkTemplate.class.php 第 273 行.
NOTIC: [8192] preg_replace(): The /e modifier is deprecated, use preg_replace_callback instead /Applications/XAMPP/xamppfiles/htdocs/vvvle/ThinkPHP/Lib/Template/ThinkTemplate.class.php 第 168 行.
NOTIC: [8192] preg_replace(): The /e modifier is deprecated, use preg_replace_callback instead /Applications/XAMPP/xamppfiles/htdocs/vvvle/ThinkPHP/Lib/Template/ThinkTemplate.class.php 第 404 行.
NOTIC: [8192] preg_replace(): The /e modifier is deprecated, use preg_replace_callback instead /Applications/XAMPP/xamppfiles/htdocs/vvvle/ThinkPHP/Lib/Template/ThinkTemplate.class.php 第 404 行.
NOTIC: [8192] preg_replace(): The /e modifier is deprecated, use preg_replace_callback instead /Applications/XAMPP/xamppfiles/htdocs/vvvle/ThinkPHP/Lib/Template/ThinkTemplate.class.php 第 404 行.
NOTIC: [8192] preg_replace(): The /e modifier is deprecated, use preg_replace_callback instead /Applications/XAMPP/xamppfiles/htdocs/vvvle/ThinkPHP/Lib/Template/ThinkTemplate.class.php 第 404 行.
NOTIC: [8192] preg_replace(): The /e modifier is deprecated, use preg_replace_callback instead /Applications/XAMPP/xamppfiles/htdocs/vvvle/ThinkPHP/Lib/Template/ThinkTemplate.class.php 第 404 行.
NOTIC: [8192] preg_replace(): The /e modifier is deprecated, use preg_replace_callback instead /Applications/XAMPP/xamppfiles/htdocs/vvvle/ThinkPHP/Lib/Template/ThinkTemplate.class.php 第 404 行.
NOTIC: [8192] preg_replace(): The /e modifier is deprecated, use preg_replace_callback instead /Applications/XAMPP/xamppfiles/htdocs/vvvle/ThinkPHP/Lib/Template/ThinkTemplate.class.php 第 404 行.
NOTIC: [8192] preg_replace(): The /e modifier is deprecated, use preg_replace_callback instead /Applications/XAMPP/xamppfiles/htdocs/vvvle/ThinkPHP/Lib/Template/ThinkTemplate.class.php 第 404 行.
NOTIC: [8192] preg_replace(): The /e modifier is deprecated, use preg_replace_callback instead /Applications/XAMPP/xamppfiles/htdocs/vvvle/ThinkPHP/Lib/Template/ThinkTemplate.class.php 第 404 行.
NOTIC: [8192] preg_replace(): The /e modifier is deprecated, use preg_replace_callback instead /Applications/XAMPP/xamppfiles/htdocs/vvvle/ThinkPHP/Lib/Template/ThinkTemplate.class.php 第 404 行.
NOTIC: [8192] preg_replace(): The /e modifier is deprecated, use preg_replace_callback instead /Applications/XAMPP/xamppfiles/htdocs/vvvle/ThinkPHP/Lib/Template/ThinkTemplate.class.php 第 404 行.
NOTIC: [8192] preg_replace(): The /e modifier is deprecated, use preg_replace_callback instead /Applications/XAMPP/xamppfiles/htdocs/vvvle/ThinkPHP/Lib/Template/ThinkTemplate.class.php 第 404 行.
NOTIC: [8192] preg_replace(): The /e modifier is deprecated, use preg_replace_callback instead /Applications/XAMPP/xamppfiles/htdocs/vvvle/ThinkPHP/Lib/Template/ThinkTemplate.class.php 第 399 行.
NOTIC: [8192] preg_replace(): The /e modifier is deprecated, use preg_replace_callback instead /Applications/XAMPP/xamppfiles/htdocs/vvvle/ThinkPHP/Lib/Template/ThinkTemplate.class.php 第 399 行.
NOTIC: [8192] preg_replace(): The /e modifier is deprecated, use preg_replace_callback instead /Applications/XAMPP/xamppfiles/htdocs/vvvle/ThinkPHP/Lib/Template/ThinkTemplate.class.php 第 404 行.
NOTIC: [8192] preg_replace(): The /e modifier is deprecated, use preg_replace_callback instead /Applications/XAMPP/xamppfiles/htdocs/vvvle/ThinkPHP/Lib/Template/ThinkTemplate.class.php 第 404 行.
NOTIC: [8192] preg_replace(): The /e modifier is deprecated, use preg_replace_callback instead /Applications/XAMPP/xamppfiles/htdocs/vvvle/ThinkPHP/Lib/Template/ThinkTemplate.class.php 第 404 行.
NOTIC: [8192] preg_replace(): The /e modifier is deprecated, use preg_replace_callback instead /Applications/XAMPP/xamppfiles/htdocs/vvvle/ThinkPHP/Lib/Template/ThinkTemplate.class.php 第 399 行.
NOTIC: [8192] preg_replace(): The /e modifier is deprecated, use preg_replace_callback instead /Applications/XAMPP/xamppfiles/htdocs/vvvle/ThinkPHP/Lib/Template/ThinkTemplate.class.php 第 404 行.
NOTIC: [8192] preg_replace(): The /e modifier is deprecated, use preg_replace_callback instead /Applications/XAMPP/xamppfiles/htdocs/vvvle/ThinkPHP/Lib/Template/ThinkTemplate.class.php 第 404 行.
NOTIC: [8192] preg_replace(): The /e modifier is deprecated, use preg_replace_callback instead /Applications/XAMPP/xamppfiles/htdocs/vvvle/ThinkPHP/Lib/Template/ThinkTemplate.class.php 第 404 行.
NOTIC: [8192] preg_replace(): The /e modifier is deprecated, use preg_replace_callback instead /Applications/XAMPP/xamppfiles/htdocs/vvvle/ThinkPHP/Lib/Template/ThinkTemplate.class.php 第 404 行.
NOTIC: [8192] preg_replace(): The /e modifier is deprecated, use preg_replace_callback instead /Applications/XAMPP/xamppfiles/htdocs/vvvle/ThinkPHP/Lib/Template/ThinkTemplate.class.php 第 404 行.
NOTIC: [8192] preg_replace(): The /e modifier is deprecated, use preg_replace_callback instead /Applications/XAMPP/xamppfiles/htdocs/vvvle/ThinkPHP/Lib/Template/ThinkTemplate.class.php 第 404 行.
NOTIC: [8192] preg_replace(): The /e modifier is deprecated, use preg_replace_callback instead /Applications/XAMPP/xamppfiles/htdocs/vvvle/ThinkPHP/Lib/Template/ThinkTemplate.class.php 第 404 行.
NOTIC: [8192] preg_replace(): The /e modifier is deprecated, use preg_replace_callback instead /Applications/XAMPP/xamppfiles/htdocs/vvvle/ThinkPHP/Lib/Template/ThinkTemplate.class.php 第 404 行.
NOTIC: [8192] preg_replace(): The /e modifier is deprecated, use preg_replace_callback instead /Applications/XAMPP/xamppfiles/htdocs/vvvle/ThinkPHP/Lib/Template/ThinkTemplate.class.php 第 404 行.
NOTIC: [8192] preg_replace(): The /e modifier is deprecated, use preg_replace_callback instead /Applications/XAMPP/xamppfiles/htdocs/vvvle/ThinkPHP/Lib/Template/ThinkTemplate.class.php 第 404 行.
NOTIC: [8192] preg_replace(): The /e modifier is deprecated, use preg_replace_callback instead /Applications/XAMPP/xamppfiles/htdocs/vvvle/ThinkPHP/Lib/Template/ThinkTemplate.class.php 第 404 行.
NOTIC: [8192] preg_replace(): The /e modifier is deprecated, use preg_replace_callback instead /Applications/XAMPP/xamppfiles/htdocs/vvvle/ThinkPHP/Lib/Template/ThinkTemplate.class.php 第 404 行.
NOTIC: [8192] preg_replace(): The /e modifier is deprecated, use preg_replace_callback instead /Applications/XAMPP/xamppfiles/htdocs/vvvle/ThinkPHP/Lib/Template/ThinkTemplate.class.php 第 404 行.
NOTIC: [8192] preg_replace(): The /e modifier is deprecated, use preg_replace_callback instead /Applications/XAMPP/xamppfiles/htdocs/vvvle/ThinkPHP/Lib/Template/ThinkTemplate.class.php 第 404 行.
NOTIC: [8192] preg_replace(): The /e modifier is deprecated, use preg_replace_callback instead /Applications/XAMPP/xamppfiles/htdocs/vvvle/ThinkPHP/Lib/Template/ThinkTemplate.class.php 第 404 行.
NOTIC: [8192] preg_replace(): The /e modifier is deprecated, use preg_replace_callback instead /Applications/XAMPP/xamppfiles/htdocs/vvvle/ThinkPHP/Lib/Template/ThinkTemplate.class.php 第 404 行.
NOTIC: [8192] preg_replace(): The /e modifier is deprecated, use preg_replace_callback instead /Applications/XAMPP/xamppfiles/htdocs/vvvle/ThinkPHP/Lib/Template/ThinkTemplate.class.php 第 404 行.
NOTIC: [8192] preg_replace(): The /e modifier is deprecated, use preg_replace_callback instead /Applications/XAMPP/xamppfiles/htdocs/vvvle/ThinkPHP/Lib/Template/ThinkTemplate.class.php 第 404 行.
NOTIC: [8192] preg_replace(): The /e modifier is deprecated, use preg_replace_callback instead /Applications/XAMPP/xamppfiles/htdocs/vvvle/ThinkPHP/Lib/Template/ThinkTemplate.class.php 第 404 行.
NOTIC: [8192] preg_replace(): The /e modifier is deprecated, use preg_replace_callback instead /Applications/XAMPP/xamppfiles/htdocs/vvvle/ThinkPHP/Lib/Template/ThinkTemplate.class.php 第 404 行.
NOTIC: [8192] preg_replace(): The /e modifier is deprecated, use preg_replace_callback instead /Applications/XAMPP/xamppfiles/htdocs/vvvle/ThinkPHP/Lib/Template/ThinkTemplate.class.php 第 404 行.
NOTIC: [8192] preg_replace(): The /e modifier is deprecated, use preg_replace_callback instead /Applications/XAMPP/xamppfiles/htdocs/vvvle/ThinkPHP/Lib/Template/ThinkTemplate.class.php 第 404 行.
NOTIC: [8192] preg_replace(): The /e modifier is deprecated, use preg_replace_callback instead /Applications/XAMPP/xamppfiles/htdocs/vvvle/ThinkPHP/Lib/Template/ThinkTemplate.class.php 第 404 行.
NOTIC: [8192] preg_replace(): The /e modifier is deprecated, use preg_replace_callback instead /Applications/XAMPP/xamppfiles/htdocs/vvvle/ThinkPHP/Lib/Template/ThinkTemplate.class.php 第 404 行.
NOTIC: [8192] preg_replace(): The /e modifier is deprecated, use preg_replace_callback instead /Applications/XAMPP/xamppfiles/htdocs/vvvle/ThinkPHP/Lib/Template/ThinkTemplate.class.php 第 404 行.
NOTIC: [8192] preg_replace(): The /e modifier is deprecated, use preg_replace_callback instead /Applications/XAMPP/xamppfiles/htdocs/vvvle/ThinkPHP/Lib/Template/ThinkTemplate.class.php 第 404 行.
NOTIC: [8192] preg_replace(): The /e modifier is deprecated, use preg_replace_callback instead /Applications/XAMPP/xamppfiles/htdocs/vvvle/ThinkPHP/Lib/Template/ThinkTemplate.class.php 第 404 行.
NOTIC: [8192] preg_replace(): The /e modifier is deprecated, use preg_replace_callback instead /Applications/XAMPP/xamppfiles/htdocs/vvvle/ThinkPHP/Lib/Template/ThinkTemplate.class.php 第 404 行.
NOTIC: [8192] preg_replace(): The /e modifier is deprecated, use preg_replace_callback instead /Applications/XAMPP/xamppfiles/htdocs/vvvle/ThinkPHP/Lib/Template/ThinkTemplate.class.php 第 404 行.
NOTIC: [8192] preg_replace(): The /e modifier is deprecated, use preg_replace_callback instead /Applications/XAMPP/xamppfiles/htdocs/vvvle/ThinkPHP/Lib/Template/ThinkTemplate.class.php 第 404 行.
NOTIC: [8192] preg_replace(): The /e modifier is deprecated, use preg_replace_callback instead /Applications/XAMPP/xamppfiles/htdocs/vvvle/ThinkPHP/Lib/Template/ThinkTemplate.class.php 第 404 行.
NOTIC: [8192] preg_replace(): The /e modifier is deprecated, use preg_replace_callback instead /Applications/XAMPP/xamppfiles/htdocs/vvvle/ThinkPHP/Lib/Template/ThinkTemplate.class.php 第 404 行.
NOTIC: [8192] preg_replace(): The /e modifier is deprecated, use preg_replace_callback instead /Applications/XAMPP/xamppfiles/htdocs/vvvle/ThinkPHP/Lib/Template/ThinkTemplate.class.php 第 404 行.
NOTIC: [8192] preg_replace(): The /e modifier is deprecated, use preg_replace_callback instead /Applications/XAMPP/xamppfiles/htdocs/vvvle/ThinkPHP/Lib/Template/ThinkTemplate.class.php 第 404 行.
NOTIC: [8192] preg_replace(): The /e modifier is deprecated, use preg_replace_callback instead /Applications/XAMPP/xamppfiles/htdocs/vvvle/ThinkPHP/Lib/Template/ThinkTemplate.class.php 第 404 行.
NOTIC: [8192] preg_replace(): The /e modifier is deprecated, use preg_replace_callback instead /Applications/XAMPP/xamppfiles/htdocs/vvvle/ThinkPHP/Lib/Template/ThinkTemplate.class.php 第 404 行.
NOTIC: [8192] preg_replace(): The /e modifier is deprecated, use preg_replace_callback instead /Applications/XAMPP/xamppfiles/htdocs/vvvle/ThinkPHP/Lib/Template/ThinkTemplate.class.php 第 404 行.
NOTIC: [8192] preg_replace(): The /e modifier is deprecated, use preg_replace_callback instead /Applications/XAMPP/xamppfiles/htdocs/vvvle/ThinkPHP/Lib/Template/ThinkTemplate.class.php 第 404 行.
NOTIC: [8192] preg_replace(): The /e modifier is deprecated, use preg_replace_callback instead /Applications/XAMPP/xamppfiles/htdocs/vvvle/ThinkPHP/Lib/Template/ThinkTemplate.class.php 第 404 行.
NOTIC: [8192] preg_replace(): The /e modifier is deprecated, use preg_replace_callback instead /Applications/XAMPP/xamppfiles/htdocs/vvvle/ThinkPHP/Lib/Template/ThinkTemplate.class.php 第 404 行.
NOTIC: [8192] preg_replace(): The /e modifier is deprecated, use preg_replace_callback instead /Applications/XAMPP/xamppfiles/htdocs/vvvle/ThinkPHP/Lib/Template/ThinkTemplate.class.php 第 404 行.
NOTIC: [8192] preg_replace(): The /e modifier is deprecated, use preg_replace_callback instead /Applications/XAMPP/xamppfiles/htdocs/vvvle/ThinkPHP/Lib/Template/ThinkTemplate.class.php 第 404 行.
NOTIC: [8192] preg_replace(): The /e modifier is deprecated, use preg_replace_callback instead /Applications/XAMPP/xamppfiles/htdocs/vvvle/ThinkPHP/Lib/Template/ThinkTemplate.class.php 第 404 行.
NOTIC: [8192] preg_replace(): The /e modifier is deprecated, use preg_replace_callback instead /Applications/XAMPP/xamppfiles/htdocs/vvvle/ThinkPHP/Lib/Template/ThinkTemplate.class.php 第 404 行.
NOTIC: [8192] preg_replace(): The /e modifier is deprecated, use preg_replace_callback instead /Applications/XAMPP/xamppfiles/htdocs/vvvle/ThinkPHP/Lib/Template/ThinkTemplate.class.php 第 404 行.
NOTIC: [8192] preg_replace(): The /e modifier is deprecated, use preg_replace_callback instead /Applications/XAMPP/xamppfiles/htdocs/vvvle/ThinkPHP/Lib/Template/ThinkTemplate.class.php 第 404 行.
NOTIC: [8192] preg_replace(): The /e modifier is deprecated, use preg_replace_callback instead /Applications/XAMPP/xamppfiles/htdocs/vvvle/ThinkPHP/Lib/Template/ThinkTemplate.class.php 第 404 行.
NOTIC: [8192] preg_replace(): The /e modifier is deprecated, use preg_replace_callback instead /Applications/XAMPP/xamppfiles/htdocs/vvvle/ThinkPHP/Lib/Template/ThinkTemplate.class.php 第 404 行.
NOTIC: [8192] preg_replace(): The /e modifier is deprecated, use preg_replace_callback instead /Applications/XAMPP/xamppfiles/htdocs/vvvle/ThinkPHP/Lib/Template/ThinkTemplate.class.php 第 404 行.
NOTIC: [8192] preg_replace(): The /e modifier is deprecated, use preg_replace_callback instead /Applications/XAMPP/xamppfiles/htdocs/vvvle/ThinkPHP/Lib/Template/ThinkTemplate.class.php 第 404 行.
NOTIC: [8192] preg_replace(): The /e modifier is deprecated, use preg_replace_callback instead /Applications/XAMPP/xamppfiles/htdocs/vvvle/ThinkPHP/Lib/Template/ThinkTemplate.class.php 第 404 行.
NOTIC: [8192] preg_replace(): The /e modifier is deprecated, use preg_replace_callback instead /Applications/XAMPP/xamppfiles/htdocs/vvvle/ThinkPHP/Lib/Template/ThinkTemplate.class.php 第 404 行.
NOTIC: [8192] preg_replace(): The /e modifier is deprecated, use preg_replace_callback instead /Applications/XAMPP/xamppfiles/htdocs/vvvle/ThinkPHP/Lib/Template/ThinkTemplate.class.php 第 404 行.
NOTIC: [8192] preg_replace(): The /e modifier is deprecated, use preg_replace_callback instead /Applications/XAMPP/xamppfiles/htdocs/vvvle/ThinkPHP/Lib/Template/ThinkTemplate.class.php 第 404 行.
NOTIC: [8192] preg_replace(): The /e modifier is deprecated, use preg_replace_callback instead /Applications/XAMPP/xamppfiles/htdocs/vvvle/ThinkPHP/Lib/Template/ThinkTemplate.class.php 第 404 行.
NOTIC: [8192] preg_replace(): The /e modifier is deprecated, use preg_replace_callback instead /Applications/XAMPP/xamppfiles/htdocs/vvvle/ThinkPHP/Lib/Template/ThinkTemplate.class.php 第 404 行.
NOTIC: [8192] preg_replace(): The /e modifier is deprecated, use preg_replace_callback instead /Applications/XAMPP/xamppfiles/htdocs/vvvle/ThinkPHP/Lib/Template/ThinkTemplate.class.php 第 404 行.
NOTIC: [8192] preg_replace(): The /e modifier is deprecated, use preg_replace_callback instead /Applications/XAMPP/xamppfiles/htdocs/vvvle/ThinkPHP/Lib/Template/ThinkTemplate.class.php 第 404 行.
NOTIC: [8192] preg_replace(): The /e modifier is deprecated, use preg_replace_callback instead /Applications/XAMPP/xamppfiles/htdocs/vvvle/ThinkPHP/Lib/Template/ThinkTemplate.class.php 第 404 行.
NOTIC: [8192] preg_replace(): The /e modifier is deprecated, use preg_replace_callback instead /Applications/XAMPP/xamppfiles/htdocs/vvvle/ThinkPHP/Lib/Template/ThinkTemplate.class.php 第 404 行.
NOTIC: [8192] preg_replace(): The /e modifier is deprecated, use preg_replace_callback instead /Applications/XAMPP/xamppfiles/htdocs/vvvle/ThinkPHP/Lib/Template/ThinkTemplate.class.php 第 404 行.
NOTIC: [8192] preg_replace(): The /e modifier is deprecated, use preg_replace_callback instead /Applications/XAMPP/xamppfiles/htdocs/vvvle/ThinkPHP/Lib/Template/ThinkTemplate.class.php 第 404 行.
NOTIC: [8192] preg_replace(): The /e modifier is deprecated, use preg_replace_callback instead /Applications/XAMPP/xamppfiles/htdocs/vvvle/ThinkPHP/Lib/Template/ThinkTemplate.class.php 第 404 行.
NOTIC: [8192] preg_replace(): The /e modifier is deprecated, use preg_replace_callback instead /Applications/XAMPP/xamppfiles/htdocs/vvvle/ThinkPHP/Lib/Template/ThinkTemplate.class.php 第 404 行.
NOTIC: [8192] preg_replace(): The /e modifier is deprecated, use preg_replace_callback instead /Applications/XAMPP/xamppfiles/htdocs/vvvle/ThinkPHP/Lib/Template/ThinkTemplate.class.php 第 404 行.
NOTIC: [8192] preg_replace(): The /e modifier is deprecated, use preg_replace_callback instead /Applications/XAMPP/xamppfiles/htdocs/vvvle/ThinkPHP/Lib/Template/ThinkTemplate.class.php 第 404 行.
NOTIC: [8192] preg_replace(): The /e modifier is deprecated, use preg_replace_callback instead /Applications/XAMPP/xamppfiles/htdocs/vvvle/ThinkPHP/Lib/Template/ThinkTemplate.class.php 第 399 行.
NOTIC: [8192] preg_replace(): The /e modifier is deprecated, use preg_replace_callback instead /Applications/XAMPP/xamppfiles/htdocs/vvvle/ThinkPHP/Lib/Template/ThinkTemplate.class.php 第 399 行.
NOTIC: [8192] preg_replace(): The /e modifier is deprecated, use preg_replace_callback instead /Applications/XAMPP/xamppfiles/htdocs/vvvle/ThinkPHP/Lib/Template/ThinkTemplate.class.php 第 399 行.
NOTIC: [8192] preg_replace(): The /e modifier is deprecated, use preg_replace_callback instead /Applications/XAMPP/xamppfiles/htdocs/vvvle/ThinkPHP/Lib/Template/ThinkTemplate.class.php 第 399 行.
NOTIC: [8192] preg_replace(): The /e modifier is deprecated, use preg_replace_callback instead /Applications/XAMPP/xamppfiles/htdocs/vvvle/ThinkPHP/Lib/Template/ThinkTemplate.class.php 第 399 行.
NOTIC: [8192] preg_replace(): The /e modifier is deprecated, use preg_replace_callback instead /Applications/XAMPP/xamppfiles/htdocs/vvvle/ThinkPHP/Lib/Template/ThinkTemplate.class.php 第 399 行.
NOTIC: [8192] preg_replace(): The /e modifier is deprecated, use preg_replace_callback instead /Applications/XAMPP/xamppfiles/htdocs/vvvle/ThinkPHP/Lib/Template/ThinkTemplate.class.php 第 404 行.
NOTIC: [8192] preg_replace(): The /e modifier is deprecated, use preg_replace_callback instead /Applications/XAMPP/xamppfiles/htdocs/vvvle/ThinkPHP/Lib/Template/ThinkTemplate.class.php 第 404 行.
NOTIC: [8192] preg_replace(): The /e modifier is deprecated, use preg_replace_callback instead /Applications/XAMPP/xamppfiles/htdocs/vvvle/ThinkPHP/Lib/Template/ThinkTemplate.class.php 第 404 行.
NOTIC: [8192] preg_replace(): The /e modifier is deprecated, use preg_replace_callback instead /Applications/XAMPP/xamppfiles/htdocs/vvvle/ThinkPHP/Lib/Template/ThinkTemplate.class.php 第 197 行.
NOTIC: [8192] preg_replace(): The /e modifier is deprecated, use preg_replace_callback instead /Applications/XAMPP/xamppfiles/htdocs/vvvle/ThinkPHP/Lib/Template/ThinkTemplate.class.php 第 137 行.
<<<<<<< HEAD
NOTIC: [8] Undefined variable: lens /Applications/XAMPP/xamppfiles/htdocs/vvvle/Index/Runtime/Cache/f9c22b8b40e560036663a0ce7ed378ae.php 第 94 行.
NOTIC: [8] Undefined variable: accesories /Applications/XAMPP/xamppfiles/htdocs/vvvle/Index/Runtime/Cache/f9c22b8b40e560036663a0ce7ed378ae.php 第 98 行.
NOTIC: [8] Undefined variable: parts /Applications/XAMPP/xamppfiles/htdocs/vvvle/Index/Runtime/Cache/f9c22b8b40e560036663a0ce7ed378ae.php 第 102 行.
NOTIC: [8] Undefined variable: newProduct /Applications/XAMPP/xamppfiles/htdocs/vvvle/Index/Runtime/Cache/f9c22b8b40e560036663a0ce7ed378ae.php 第 106 行.
NOTIC: [8] Undefined variable: hot /Applications/XAMPP/xamppfiles/htdocs/vvvle/Index/Runtime/Cache/f9c22b8b40e560036663a0ce7ed378ae.php 第 110 行.
INFO: ParseTemplate Behavior ::run [ RunTime:0.014466s ]
INFO: [ view_parse ] --END-- [ RunTime:0.014498s ]
INFO: [ view_filter ] --START--
INFO: ContentReplace Behavior ::run [ RunTime:0.000450s ]
INFO: TokenBuild Behavior ::run [ RunTime:0.000166s ]
INFO: WriteHtmlCache Behavior ::run [ RunTime:0.000091s ]
INFO: ShowRuntime Behavior ::run [ RunTime:0.000272s ]
INFO: [ view_filter ] --END-- [ RunTime:0.001062s ]
INFO: [ view_end ] --START--
INFO: ShowPageTrace Behavior ::run [ RunTime:0.000475s ]
INFO: [ view_end ] --END-- [ RunTime:0.000525s ]
=======
NOTIC: [8] Undefined variable: index /Applications/XAMPP/xamppfiles/htdocs/vvvle/Index/Runtime/Cache/350d9731cb6391ddab04685b09872f34.php 第 99 行.
NOTIC: [8] Undefined variable: lens /Applications/XAMPP/xamppfiles/htdocs/vvvle/Index/Runtime/Cache/350d9731cb6391ddab04685b09872f34.php 第 103 行.
NOTIC: [8] Undefined variable: accesories /Applications/XAMPP/xamppfiles/htdocs/vvvle/Index/Runtime/Cache/350d9731cb6391ddab04685b09872f34.php 第 107 行.
NOTIC: [8] Undefined variable: parts /Applications/XAMPP/xamppfiles/htdocs/vvvle/Index/Runtime/Cache/350d9731cb6391ddab04685b09872f34.php 第 111 行.
NOTIC: [8] Undefined variable: newProduct /Applications/XAMPP/xamppfiles/htdocs/vvvle/Index/Runtime/Cache/350d9731cb6391ddab04685b09872f34.php 第 115 行.
NOTIC: [8] Undefined variable: hot /Applications/XAMPP/xamppfiles/htdocs/vvvle/Index/Runtime/Cache/350d9731cb6391ddab04685b09872f34.php 第 119 行.
INFO: ParseTemplate Behavior ::run [ RunTime:0.011715s ]
INFO: [ view_parse ] --END-- [ RunTime:0.011764s ]
INFO: [ view_filter ] --START--
INFO: ContentReplace Behavior ::run [ RunTime:0.000353s ]
INFO: TokenBuild Behavior ::run [ RunTime:0.000175s ]
INFO: WriteHtmlCache Behavior ::run [ RunTime:0.000091s ]
INFO: ShowRuntime Behavior ::run [ RunTime:0.000202s ]
INFO: [ view_filter ] --END-- [ RunTime:0.000892s ]
INFO: [ view_end ] --START--
INFO: ShowPageTrace Behavior ::run [ RunTime:0.000388s ]
INFO: [ view_end ] --END-- [ RunTime:0.000449s ]

[ 2017-08-06T23:11:23+08:00 ] 0.0.0.0 /vvvle/index.php/ProductDetails/%7B%7Bv.path%7D%7D
INFO: [ route_check ] --START--
INFO: CheckRoute Behavior ::run [ RunTime:0.000654s ]
INFO: [ route_check ] --END-- [ RunTime:0.000744s ]
NOTIC: [8192] preg_replace(): The /e modifier is deprecated, use preg_replace_callback instead /Applications/XAMPP/xamppfiles/htdocs/vvvle/ThinkPHP/Lib/Core/Dispatcher.class.php 第 132 行.
INFO: [ app_begin ] --START--
INFO: ReadHtmlCache Behavior ::run [ RunTime:0.000394s ]
INFO: [ app_begin ] --END-- [ RunTime:0.000456s ]
ERR: 非法操作:{{v.path}}
>>>>>>> origin/master

